<?xml version="1.0" encoding="UTF-8"?>
<!-- Generated by org.testng.reporters.JUnitReportReporter -->
<testsuite hostname="Amirthavahini08" failures="0" tests="2" name="com.testng.DataProvider" time="23.590" errors="0" timestamp="2025-04-26T08:42:32 IST" skipped="0">
  <testcase classname="com.testng.DataProvider" name="browserLaunch" time="7.651"/>
  <system-out/>
  <testcase classname="com.testng.DataProvider" name="browserLaunch" time="15.939"/>
  <system-out/>
</testsuite> <!-- com.testng.DataProvider -->
