<?xml version="1.0" encoding="UTF-8"?>
<!-- Generated by org.testng.reporters.JUnitReportReporter -->
<testsuite hostname="Amirthavahini08" failures="0" tests="3" name="com.testng.SampleAnnotations" time="0.016" errors="0" timestamp="2025-04-28T08:44:38 IST" skipped="0">
  <testcase classname="com.testng.SampleAnnotations" name="myTest3" time="0.002"/>
  <system-out/>
  <testcase classname="com.testng.SampleAnnotations" name="myTest1" time="0.012"/>
  <system-out/>
  <testcase classname="com.testng.SampleAnnotations" name="myTest2" time="0.002"/>
  <system-out/>
</testsuite> <!-- com.testng.SampleAnnotations -->
