<?xml version="1.0" encoding="UTF-8"?>
<!-- Generated by org.testng.reporters.JUnitReportReporter -->
<testsuite hostname="Amirthavahini08" failures="0" tests="1" name="com.testng.AssertionsDemo" time="0.010" errors="0" timestamp="2025-04-28T09:13:02 IST" skipped="0">
  <testcase classname="com.testng.AssertionsDemo" name="myTest" time="0.010"/>
  <system-out/>
</testsuite> <!-- com.testng.AssertionsDemo -->
