<?xml version="1.0" encoding="UTF-8"?>
<!-- Generated by org.testng.reporters.JUnitReportReporter -->
<testsuite hostname="Amirthavahini08" failures="0" tests="4" name="com.testng.GroupingTests" time="0.014" errors="0" timestamp="2025-04-24T09:15:15 IST" skipped="0">
  <testcase classname="com.testng.GroupingTests" name="testOne" time="0.013"/>
  <system-out/>
  <testcase classname="com.testng.GroupingTests" name="testTwo" time="0.000"/>
  <system-out/>
  <testcase classname="com.testng.GroupingTests" name="testFour" time="0.000"/>
  <system-out/>
  <testcase classname="com.testng.GroupingTests" name="testFive" time="0.001"/>
  <system-out/>
</testsuite> <!-- com.testng.GroupingTests -->
