<?xml version="1.0" encoding="UTF-8"?>
<!-- Generated by org.testng.reporters.JUnitReportReporter -->
<testsuite hostname="Amirthavahini08" failures="0" tests="1" name="com.testng.SampleLogic" time="8.318" errors="0" timestamp="2025-05-02T09:01:45 IST" skipped="0">
  <testcase classname="com.testng.SampleLogic" name="LoginTest" time="8.318"/>
  <system-out/>
</testsuite> <!-- com.testng.SampleLogic -->
